\BOOKMARK [1][-]{section.1}{\376\377\000I\000n\000t\000r\000o\000d\000u\000c\000t\000i\000o\000n}{}% 1
\BOOKMARK [2][-]{subsection.1.1}{\376\377\000M\000o\000t\000i\000v\000a\000t\000i\000o\000n}{section.1}% 2
\BOOKMARK [2][-]{subsection.1.2}{\376\377\000O\000r\000g\000a\000n\000i\000z\000a\000t\000i\000o\000n}{section.1}% 3
\BOOKMARK [1][-]{section.2}{\376\377\000R\000e\000l\000a\000t\000e\000d\000\040\000w\000o\000r\000k\000s}{}% 4
\BOOKMARK [2][-]{subsection.2.1}{\376\377\000F\000i\000l\000e\000c\000o\000i\000n}{section.2}% 5
\BOOKMARK [2][-]{subsection.2.2}{\376\377\000C\000r\000u\000s\000t}{section.2}% 6
\BOOKMARK [2][-]{subsection.2.3}{\376\377\000A\000r\000w\000e\000a\000v\000e}{section.2}% 7
\BOOKMARK [1][-]{section.3}{\376\377\000S\000y\000s\000t\000e\000m\000\040\000d\000e\000s\000i\000g\000n}{}% 8
\BOOKMARK [2][-]{subsection.3.1}{\376\377\000C\000o\000n\000s\000e\000n\000s\000u\000s}{section.3}% 9
\BOOKMARK [3][-]{subsubsection.3.1.1}{\376\377\000P\000r\000o\000o\000f\000\040\000o\000f\000\040\000A\000c\000c\000e\000s\000s}{subsection.3.1}% 10
\BOOKMARK [3][-]{subsubsection.3.1.2}{\376\377\000P\000r\000o\000o\000f\000\040\000o\000f\000\040\000S\000t\000a\000k\000e}{subsection.3.1}% 11
\BOOKMARK [2][-]{subsection.3.2}{\376\377\000E\000c\000o\000n\000o\000m\000y\000\040\000M\000o\000d\000e\000l}{section.3}% 12
\BOOKMARK [3][-]{subsubsection.3.2.1}{\376\377\000P\000e\000r\000p\000e\000t\000u\000a\000l\000\040\000S\000t\000o\000r\000a\000g\000e\000\040\000C\000o\000s\000t}{subsection.3.2}% 13
\BOOKMARK [3][-]{subsubsection.3.2.2}{\376\377\000T\000r\000a\000n\000s\000a\000c\000t\000i\000o\000n\000\040\000F\000e\000e}{subsection.3.2}% 14
\BOOKMARK [3][-]{subsubsection.3.2.3}{\376\377\000D\000a\000t\000a\000\040\000O\000b\000l\000i\000v\000i\000o\000n}{subsection.3.2}% 15
\BOOKMARK [3][-]{subsubsection.3.2.4}{\376\377\000M\000u\000l\000t\000i\000-\000c\000u\000r\000r\000e\000n\000c\000y\000\040\000P\000a\000y\000m\000e\000n\000t}{subsection.3.2}% 16
\BOOKMARK [2][-]{subsection.3.3}{\376\377\000T\000r\000a\000n\000s\000a\000c\000t\000i\000o\000n\000\040\000P\000o\000o\000l}{section.3}% 17
\BOOKMARK [1][-]{section.4}{\376\377\000R\000o\000a\000d\000m\000a\000p}{}% 18
\BOOKMARK [1][-]{section.5}{\376\377\000C\000o\000n\000c\000l\000u\000s\000i\000o\000n}{}% 19
\BOOKMARK [2][-]{subsection.5.1}{\376\377\000F\000u\000t\000u\000r\000e\000\040\000w\000o\000r\000k}{section.5}% 20
\BOOKMARK [1][-]{appendix.A}{\376\377\000A\000p\000p\000e\000n\000d\000i\000x}{}% 21
